<?xml version="1.0" encoding="UTF-8"?>
<!-- Generated by org.testng.reporters.JUnitReportReporter -->
<testsuite hostname="win2019" failures="0" tests="1" name="HandlingScroll.TestScrollBy1" time="17.913" errors="0" timestamp="2024-08-23T03:22:10 PDT" skipped="0">
  <testcase classname="HandlingScroll.TestScrollBy1" name="Test" time="17.913"/>
  <system-out/>
</testsuite> <!-- HandlingScroll.TestScrollBy1 -->
