<?xml version="1.0" encoding="UTF-8"?>
<!-- Generated by org.testng.reporters.JUnitReportReporter -->
<testsuite hostname="win2019" failures="0" tests="1" name="com.multi.MultiFrameTest" time="24.697" errors="0" timestamp="2024-08-23T01:26:18 PDT" skipped="0">
  <testcase classname="com.multi.MultiFrameTest" name="countframes" time="24.697"/>
  <system-out/>
</testsuite> <!-- com.multi.MultiFrameTest -->
