<?xml version="1.0" encoding="UTF-8"?>
<!-- Generated by org.testng.reporters.JUnitReportReporter -->
<testsuite hostname="win2019" failures="0" tests="1" name="com.csv.ReadCSV" time="53.316" errors="0" timestamp="2024-08-22T22:29:44 PDT" skipped="0">
  <testcase classname="com.csv.ReadCSV" name="rdcsv" time="53.316"/>
  <system-out/>
</testsuite> <!-- com.csv.ReadCSV -->
