<?xml version="1.0" encoding="UTF-8"?>
<!-- Generated by org.testng.reporters.JUnitReportReporter -->
<testsuite hostname="win2019" failures="0" tests="3" name="com.loc.SeleLocators" time="38.612" errors="0" timestamp="2024-08-21T02:22:46 PDT" skipped="0">
  <testcase classname="com.loc.SeleLocators" name="ExampleId" time="20.827"/>
  <system-out/>
  <testcase classname="com.loc.SeleLocators" name="WebElementsSelected" time="8.464"/>
  <system-out/>
  <testcase classname="com.loc.SeleLocators" name="WebElementsEnabled" time="9.321"/>
  <system-out/>
</testsuite> <!-- com.loc.SeleLocators -->
