<?xml version="1.0" encoding="UTF-8"?>
<!-- Generated by org.testng.reporters.JUnitReportReporter -->
<testsuite hostname="win2019" failures="0" tests="1" name="com.loc.SameClassMultiEle" time="14.839" errors="0" timestamp="2024-08-21T21:48:56 PDT" skipped="0">
  <testcase classname="com.loc.SameClassMultiEle" name="ExampleClassName" time="14.839"/>
  <system-out/>
</testsuite> <!-- com.loc.SameClassMultiEle -->
