<?xml version="1.0" encoding="UTF-8"?>
<!-- Generated by org.testng.reporters.JUnitReportReporter -->
<testsuite hostname="win2019" failures="0" tests="1" name="com.loc.TagNameDemo" time="7.652" errors="0" timestamp="2024-08-21T21:57:47 PDT" skipped="0">
  <testcase classname="com.loc.TagNameDemo" name="exampleTagName" time="7.652"/>
  <system-out/>
</testsuite> <!-- com.loc.TagNameDemo -->
