<?xml version="1.0" encoding="UTF-8"?>
<!-- Generated by org.testng.reporters.JUnitReportReporter -->
<testsuite hostname="win2019" failures="0" tests="1" name="com.loc.PartialLinkText" time="36.790" errors="0" timestamp="2024-08-24T21:39:32 PDT" skipped="0">
  <testcase classname="com.loc.PartialLinkText" name="PlText" time="36.790"/>
  <system-out/>
</testsuite> <!-- com.loc.PartialLinkText -->
