<?xml version="1.0" encoding="UTF-8"?>
<!-- Generated by org.testng.reporters.JUnitReportReporter -->
<testsuite hostname="win2019" failures="0" tests="1" name="com.drop.DropDown" time="20.349" errors="0" timestamp="2024-08-21T23:44:14 PDT" skipped="0">
  <testcase classname="com.drop.DropDown" name="ddcheck" time="20.349"/>
  <system-out/>
</testsuite> <!-- com.drop.DropDown -->
