<?xml version="1.0" encoding="UTF-8"?>
<!-- Generated by org.testng.reporters.JUnitReportReporter -->
<testsuite hostname="win2019" failures="0" tests="3" name="com.mvntest.TestDemo" time="41.327" errors="0" timestamp="2024-08-20T22:38:57 PDT" skipped="0">
  <testcase classname="com.mvntest.TestDemo" name="ChromeBrowserLaunch" time="12.125"/>
  <testcase classname="com.mvntest.TestDemo" name="FirefoxBrowserLaunch" time="16.764"/>
  <testcase classname="com.mvntest.TestDemo" name="EdgeBrowserLaunch" time="12.438"/>
</testsuite> <!-- com.mvntest.TestDemo -->
