<?xml version="1.0" encoding="UTF-8"?>
<!-- Generated by org.testng.reporters.JUnitReportReporter -->
<testsuite hostname="win2019" failures="0" tests="3" name="com.browse.Chrome" time="39.582" errors="0" timestamp="2024-08-20T01:32:00 PDT" skipped="0">
  <testcase classname="com.browse.Chrome" name="ChromeBrowserLaunch" time="11.657"/>
  <system-out/>
  <testcase classname="com.browse.Chrome" name="FirefoxBrowserLaunch" time="16.152"/>
  <system-out/>
  <testcase classname="com.browse.Chrome" name="EdgeBrowserLaunch" time="11.773"/>
  <system-out/>
</testsuite> <!-- com.browse.Chrome -->
