<?xml version="1.0" encoding="UTF-8"?>
<!-- Generated by org.testng.reporters.JUnitReportReporter -->
<testsuite hostname="win2019" failures="0" tests="3" name="com.mvntest.TestDemo" time="43.188" errors="0" timestamp="2024-08-20T23:14:33 PDT" skipped="0">
  <testcase classname="com.mvntest.TestDemo" name="ChromeBrowserLaunch" time="12.381"/>
  <testcase classname="com.mvntest.TestDemo" name="FirefoxBrowserLaunch" time="19.561"/>
  <testcase classname="com.mvntest.TestDemo" name="EdgeBrowserLaunch" time="11.246"/>
</testsuite> <!-- com.mvntest.TestDemo -->
