<?xml version="1.0" encoding="UTF-8"?>
<!-- Generated by org.testng.reporters.JUnitReportReporter -->
<testsuite hostname="win2019" failures="0" tests="1" name="com.mouse.Hover" time="15.967" errors="0" timestamp="2024-08-23T03:29:24 PDT" skipped="0">
  <testcase classname="com.mouse.Hover" name="hoverCheck" time="15.967"/>
  <system-out/>
</testsuite> <!-- com.mouse.Hover -->
